npm ERR! code ERESOLVE
npm ERR! ERESOLVE unable to resolve dependency tree
npm ERR! 
npm ERR! While resolving: hadev-ui@1.0.0
npm ERR! Found: react@19.1.0
npm ERR! node_modules/react
npm ERR!   dev react@"19.1.0" from the root project
npm ERR! 
npm ERR! Could not resolve dependency:
npm ERR! peer react@"^16.8.0 || ^17.0.0 || ^18.0.0" from @storybook/react@7.6.20
npm ERR! node_modules/@storybook/react
npm ERR!   dev @storybook/react@"7.6.20" from the root project
npm ERR! 
npm ERR! Fix the upstream dependency conflict, or retry
npm ERR! this command with --force or --legacy-peer-deps
npm ERR! to accept an incorrect (and potentially broken) dependency resolution.
npm ERR! 
npm ERR! 
npm ERR! For a full report see:
npm ERR! /Users/ajaykumar/.npm/_logs/2025-06-29T14_27_52_040Z-eresolve-report.txt

npm ERR! A complete log of this run can be found in: /Users/ajaykumar/.npm/_logs/2025-06-29T14_27_52_040Z-debug-0.log
